// 重构日志: d2959c85
// 同步 ID: e6589dcf @ Wed Jun 24 22:49:26 UTC 2026
// 同步 ID: 2e87d421 @ Thu Jun 25 11:21:02 UTC 2026
// 重构日志: e5690c44
// 重构日志: a7eb6748
// 重构日志: 385761b1
// 重构日志: 65fe60ca
// 重构日志: 7cd2e505
// 同步 ID: 3a7c1d6c @ Tue Jul  7 00:01:43 UTC 2026
// 同步 ID: a03fbb01 @ Thu Jul  9 00:13:51 UTC 2026
// 同步 ID: f4a1167d @ Thu Jul  9 11:11:47 UTC 2026
// 重构日志: 88202b81
// 同步 ID: ba7ef4eb @ Fri Jul 10 10:39:27 UTC 2026
// 同步 ID: 3beb6d8e @ Sun Jul 12 12:41:37 UTC 2026
// 重构日志: 19103a14
// 同步 ID: 9bc1f450 @ Tue Jul 14 06:42:48 UTC 2026
// 重构日志: ab98ac32
// 重构日志: 3a50026c
// 重构日志: 0a35793e
// 重构日志: 3fe342a1
// 重构日志: 5b349cdc
// 同步 ID: 3e79fc02 @ Sat Jul 18 05:22:52 UTC 2026
// 同步 ID: 8da60dcc @ Sun Jul 19 05:28:34 UTC 2026
// 重构日志: 61e572f2
// 同步 ID: 7f4e66f7 @ Mon Jul 20 11:38:36 UTC 2026
// 重构日志: d25b9a67
// 重构日志: e30769e2
